-------------------------------------------------------------------------------
Test set: com.upstac.medicineService.StreamLambdaHandlerTest
-------------------------------------------------------------------------------
Tests run: 2, Failures: 1, Errors: 0, Skipped: 0, Time elapsed: 1.743 s <<< FAILURE! - in com.upstac.medicineService.StreamLambdaHandlerTest
invalidResource_streamRequest_responds404(com.upstac.medicineService.StreamLambdaHandlerTest)  Time elapsed: 0.011 s  <<< FAILURE!
java.lang.AssertionError: expected:<404> but was:<200>
	at com.upstac.medicineService.StreamLambdaHandlerTest.invalidResource_streamRequest_responds404(StreamLambdaHandlerTest.java:69)

