<?xml version="1.0" encoding="UTF-8"?>
<testsuite xmlns:xsi="http://www.w3.org/2001/XMLSchema-instance" xsi:noNamespaceSchemaLocation="https://maven.apache.org/surefire/maven-surefire-plugin/xsd/surefire-test-report.xsd" name="com.upstac.medicineService.StreamLambdaHandlerTest" time="1.743" tests="2" errors="0" skipped="0" failures="1">
  <properties>
[...]
</properties>
  <testcase name="ping_streamRequest_respondsWithHello" classname="com.upstac.medicineService.StreamLambdaHandlerTest" time="0.065"/>
  <testcase name="invalidResource_streamRequest_responds404" classname="com.upstac.medicineService.StreamLambdaHandlerTest" time="0.011">
    <failure message="expected:&lt;404&gt; but was:&lt;200&gt;" type="java.lang.AssertionError"><![CDATA[java.lang.AssertionError: expected:<404> but was:<200>
	at com.upstac.medicineService.StreamLambdaHandlerTest.invalidResource_streamRequest_responds404(StreamLambdaHandlerTest.java:69)
]]></failure>
  </testcase>
</testsuite>